<?xml version="1.0" encoding="UTF-8"?>
<!-- Generated by org.testng.reporters.JUnitReportReporter -->
<testsuite hostname="Shakran" failures="0" tests="3" name="TestsPack.SampleTest" time="19.210" errors="0" timestamp="2025-12-04T22:42:56 EST" skipped="0">
  <testcase classname="TestsPack.SampleTest" name="testCase3" time="6.127"/>
  <testcase classname="TestsPack.SampleTest" name="testCase1" time="6.930"/>
  <testcase classname="TestsPack.SampleTest" name="testCase2" time="6.153"/>
</testsuite> <!-- TestsPack.SampleTest -->
