<?xml version="1.0" encoding="UTF-8"?>
<!-- Generated by org.testng.reporters.JUnitXMLReporter -->
<testsuite ignored="0" hostname="Shakran" failures="0" tests="3" name="Default test" time="20.723" errors="0" timestamp="2025-12-04T22:28:58 EST">
  <testcase classname="TestsPack.SampleTest" name="testCase1" time="0.008"/>
  <testcase classname="TestsPack.SampleTest" name="testCase2" time="0.003"/>
  <testcase classname="TestsPack.SampleTest" name="testCase3" time="0.001"/>
</testsuite> <!-- Default test -->
