<?xml version="1.0" encoding="UTF-8"?>
<testng-results ignored="0" total="3" passed="3" failed="0" skipped="0">
  <reporter-output>
  </reporter-output>
  <suite started-at="2025-12-06T16:45:48 EST" name="Suite" finished-at="2025-12-06T16:46:07 EST" duration-ms="19577">
    <groups>
    </groups>
    <test started-at="2025-12-06T16:45:48 EST" name="Test" finished-at="2025-12-06T16:46:07 EST" duration-ms="19577">
      <class name="TestsPack.SampleTest">
        <test-method is-config="true" signature="beforeMethod(java.lang.String,java.lang.String)[pri:0, instance:TestsPack.SampleTest@40ef3420]" started-at="2025-12-06T16:45:48 EST" name="beforeMethod" finished-at="2025-12-06T16:45:55 EST" duration-ms="7671" status="PASS">
          <params>
            <param index="0">
              <value>
                <![CDATA[chrome]]>
              </value>
            </param>
            <param index="1">
              <value>
                <![CDATA[https://www.facebook.com/]]>
              </value>
            </param>
          </params>
          <reporter-output>
          </reporter-output>
        </test-method> <!-- beforeMethod -->
        <test-method signature="testCase1()[pri:0, instance:TestsPack.SampleTest@40ef3420]" started-at="2025-12-06T16:45:55 EST" name="testCase1" finished-at="2025-12-06T16:45:55 EST" duration-ms="2" status="PASS">
          <reporter-output>
          </reporter-output>
        </test-method> <!-- testCase1 -->
        <test-method is-config="true" signature="afterMethod()[pri:0, instance:TestsPack.SampleTest@40ef3420]" started-at="2025-12-06T16:45:55 EST" name="afterMethod" finished-at="2025-12-06T16:45:56 EST" duration-ms="387" status="PASS">
          <reporter-output>
          </reporter-output>
        </test-method> <!-- afterMethod -->
        <test-method is-config="true" signature="beforeMethod(java.lang.String,java.lang.String)[pri:0, instance:TestsPack.SampleTest@40ef3420]" started-at="2025-12-06T16:45:56 EST" name="beforeMethod" finished-at="2025-12-06T16:46:01 EST" duration-ms="5624" status="PASS">
          <params>
            <param index="0">
              <value>
                <![CDATA[chrome]]>
              </value>
            </param>
            <param index="1">
              <value>
                <![CDATA[https://www.facebook.com/]]>
              </value>
            </param>
          </params>
          <reporter-output>
          </reporter-output>
        </test-method> <!-- beforeMethod -->
        <test-method signature="testCase2()[pri:0, instance:TestsPack.SampleTest@40ef3420]" started-at="2025-12-06T16:46:01 EST" name="testCase2" finished-at="2025-12-06T16:46:01 EST" duration-ms="1" status="PASS">
          <reporter-output>
          </reporter-output>
        </test-method> <!-- testCase2 -->
        <test-method is-config="true" signature="afterMethod()[pri:0, instance:TestsPack.SampleTest@40ef3420]" started-at="2025-12-06T16:46:01 EST" name="afterMethod" finished-at="2025-12-06T16:46:02 EST" duration-ms="121" status="PASS">
          <reporter-output>
          </reporter-output>
        </test-method> <!-- afterMethod -->
        <test-method is-config="true" signature="beforeMethod(java.lang.String,java.lang.String)[pri:0, instance:TestsPack.SampleTest@40ef3420]" started-at="2025-12-06T16:46:02 EST" name="beforeMethod" finished-at="2025-12-06T16:46:07 EST" duration-ms="5557" status="PASS">
          <params>
            <param index="0">
              <value>
                <![CDATA[chrome]]>
              </value>
            </param>
            <param index="1">
              <value>
                <![CDATA[https://www.facebook.com/]]>
              </value>
            </param>
          </params>
          <reporter-output>
          </reporter-output>
        </test-method> <!-- beforeMethod -->
        <test-method signature="testCase3()[pri:0, instance:TestsPack.SampleTest@40ef3420]" started-at="2025-12-06T16:46:07 EST" name="testCase3" finished-at="2025-12-06T16:46:07 EST" duration-ms="1" status="PASS">
          <reporter-output>
          </reporter-output>
        </test-method> <!-- testCase3 -->
        <test-method is-config="true" signature="afterMethod()[pri:0, instance:TestsPack.SampleTest@40ef3420]" started-at="2025-12-06T16:46:07 EST" name="afterMethod" finished-at="2025-12-06T16:46:07 EST" duration-ms="135" status="PASS">
          <reporter-output>
          </reporter-output>
        </test-method> <!-- afterMethod -->
      </class> <!-- TestsPack.SampleTest -->
    </test> <!-- Test -->
  </suite> <!-- Suite -->
</testng-results>
