<?xml version="1.0" encoding="UTF-8"?>
<testng-results ignored="0" total="3" passed="3" failed="0" skipped="0">
  <reporter-output>
  </reporter-output>
  <suite started-at="2025-12-04T22:42:37 EST" name="Suite" finished-at="2025-12-04T22:42:56 EST" duration-ms="19314">
    <groups>
    </groups>
    <test started-at="2025-12-04T22:42:37 EST" name="Test" finished-at="2025-12-04T22:42:56 EST" duration-ms="19314">
      <class name="TestsPack.SampleTest">
        <test-method is-config="true" signature="beforeMethod()[pri:0, instance:TestsPack.SampleTest@4802796d]" started-at="2025-12-04T22:42:37 EST" name="beforeMethod" finished-at="2025-12-04T22:42:44 EST" duration-ms="6681" status="PASS">
          <reporter-output>
          </reporter-output>
        </test-method> <!-- beforeMethod -->
        <test-method signature="testCase1()[pri:0, instance:TestsPack.SampleTest@4802796d]" started-at="2025-12-04T22:42:44 EST" name="testCase1" finished-at="2025-12-04T22:42:44 EST" duration-ms="7" status="PASS">
          <reporter-output>
          </reporter-output>
        </test-method> <!-- testCase1 -->
        <test-method is-config="true" signature="afterMethod()[pri:0, instance:TestsPack.SampleTest@4802796d]" started-at="2025-12-04T22:42:44 EST" name="afterMethod" finished-at="2025-12-04T22:42:44 EST" duration-ms="444" status="PASS">
          <reporter-output>
          </reporter-output>
        </test-method> <!-- afterMethod -->
        <test-method is-config="true" signature="beforeMethod()[pri:0, instance:TestsPack.SampleTest@4802796d]" started-at="2025-12-04T22:42:44 EST" name="beforeMethod" finished-at="2025-12-04T22:42:50 EST" duration-ms="5681" status="PASS">
          <reporter-output>
          </reporter-output>
        </test-method> <!-- beforeMethod -->
        <test-method signature="testCase2()[pri:0, instance:TestsPack.SampleTest@4802796d]" started-at="2025-12-04T22:42:50 EST" name="testCase2" finished-at="2025-12-04T22:42:50 EST" duration-ms="2" status="PASS">
          <reporter-output>
          </reporter-output>
        </test-method> <!-- testCase2 -->
        <test-method is-config="true" signature="afterMethod()[pri:0, instance:TestsPack.SampleTest@4802796d]" started-at="2025-12-04T22:42:50 EST" name="afterMethod" finished-at="2025-12-04T22:42:50 EST" duration-ms="171" status="PASS">
          <reporter-output>
          </reporter-output>
        </test-method> <!-- afterMethod -->
        <test-method is-config="true" signature="beforeMethod()[pri:0, instance:TestsPack.SampleTest@4802796d]" started-at="2025-12-04T22:42:50 EST" name="beforeMethod" finished-at="2025-12-04T22:42:56 EST" duration-ms="5980" status="PASS">
          <reporter-output>
          </reporter-output>
        </test-method> <!-- beforeMethod -->
        <test-method signature="testCase3()[pri:0, instance:TestsPack.SampleTest@4802796d]" started-at="2025-12-04T22:42:56 EST" name="testCase3" finished-at="2025-12-04T22:42:56 EST" duration-ms="2" status="PASS">
          <reporter-output>
          </reporter-output>
        </test-method> <!-- testCase3 -->
        <test-method is-config="true" signature="afterMethod()[pri:0, instance:TestsPack.SampleTest@4802796d]" started-at="2025-12-04T22:42:56 EST" name="afterMethod" finished-at="2025-12-04T22:42:56 EST" duration-ms="242" status="PASS">
          <reporter-output>
          </reporter-output>
        </test-method> <!-- afterMethod -->
      </class> <!-- TestsPack.SampleTest -->
    </test> <!-- Test -->
  </suite> <!-- Suite -->
</testng-results>
