<?xml version="1.0" encoding="UTF-8"?>
<!-- Generated by org.testng.reporters.JUnitReportReporter -->
<testsuite hostname="Shakran" failures="0" tests="3" name="TestsPack.SampleTest" time="19.499" errors="0" timestamp="2025-12-06T16:46:07 EST" skipped="0">
  <testcase classname="TestsPack.SampleTest" name="testCase2" time="8.059"/>
  <testcase classname="TestsPack.SampleTest" name="testCase3" time="5.679"/>
  <testcase classname="TestsPack.SampleTest" name="testCase1" time="5.761"/>
</testsuite> <!-- TestsPack.SampleTest -->
